Using pre-set license
Built from '2020.3/staging' branch; Version is '2020.3.11f1 (99c7afb366b3) revision 10078127'; Using compiler version '192528614'; Build Type 'Release'
OS: 'Windows 10 Education; OS build 19043.1348; Version 2009; 64bit' Language: 'en' Physical Memory: 16306 MB
BatchMode: 1, IsHumanControllingUs: 0, StartBugReporterOnCrash: 0, Is64bit: 1, IsPro: 0

 COMMAND LINE ARGUMENTS:
C:\Program Files\Unity\Hub\Editor\2020.3.11f1\Editor\Unity.exe
-adb2
-batchMode
-noUpm
-name
AssetImportWorker0
-projectPath
D:/Unity/Projects/SizeStudy
-logFile
Logs/AssetImportWorker0.log
-srvPort
60370
Successfully changed project path to: D:/Unity/Projects/SizeStudy
D:/Unity/Projects/SizeStudy
Using Asset Import Pipeline V2.
Refreshing native plugins compatible for Editor in 77.97 ms, found 5 plugins.
Preloading 1 native plugins for Editor in 0.68 ms.
Initialize engine version: 2020.3.11f1 (99c7afb366b3)
[Subsystems] Discovering subsystems at path C:/Program Files/Unity/Hub/Editor/2020.3.11f1/Editor/Data/Resources/UnitySubsystems
[Subsystems] Discovering subsystems at path D:/Unity/Projects/SizeStudy/Assets
GfxDevice: creating device client; threaded=0
Direct3D:
    Version:  Direct3D 11.0 [level 11.1]
    Renderer: NVIDIA GeForce GTX 970 (ID=0x13c2)
    Vendor:   
    VRAM:     4043 MB
    Driver:   27.21.14.6647
Shader 'Oculus/OVRMRCameraFrameLit': fallback shader 'Alpha-Diffuse' not found
Initialize mono
Mono path[0] = 'C:/Program Files/Unity/Hub/Editor/2020.3.11f1/Editor/Data/Managed'
Mono path[1] = 'C:/Program Files/Unity/Hub/Editor/2020.3.11f1/Editor/Data/MonoBleedingEdge/lib/mono/unityjit'
Mono config path = 'C:/Program Files/Unity/Hub/Editor/2020.3.11f1/Editor/Data/MonoBleedingEdge/etc'
Using monoOptions --debugger-agent=transport=dt_socket,embedding=1,server=y,suspend=n,address=127.0.0.1:56676
Begin MonoManager ReloadAssembly
Registering precompiled unity dll's ...
Register platform support module: C:/Program Files/Unity/Hub/Editor/2020.3.11f1/Editor/Data/PlaybackEngines/WindowsStandaloneSupport/UnityEditor.WindowsStandalone.Extensions.dll
Registered in 0.001366 seconds.
Native extension for WindowsStandalone target not found
Refreshing native plugins compatible for Editor in 73.90 ms, found 5 plugins.
Preloading 1 native plugins for Editor in 0.03 ms.
Mono: successfully reloaded assembly
- Completed reload, in  0.852 seconds
Platform modules already initialized, skipping
Registering precompiled user dll's ...
Registered in 0.004378 seconds.
Begin MonoManager ReloadAssembly
Native extension for WindowsStandalone target not found
Refreshing native plugins compatible for Editor in 80.41 ms, found 5 plugins.
Preloading 1 native plugins for Editor in 0.04 ms.
[XR] OculusXRPlugin: registering subsystems
[XR] Unable to register display lifecyle provider: [1]
[XR] Oculus Input lifecycle provider registered.
[XR] Unable to register input lifecyle provider: [1]
[XR] OVRP version 1.66.0
Mono: successfully reloaded assembly
- Completed reload, in  1.717 seconds
Platform modules already initialized, skipping
========================================================================
Worker process is ready to serve import requests
Shader 'Oculus/OVRMRCameraFrameLit': fallback shader 'Alpha-Diffuse' not found
Launched and connected shader compiler UnityShaderCompiler.exe after 0.05 seconds
Refreshing native plugins compatible for Editor in 1.07 ms, found 5 plugins.
Preloading 1 native plugins for Editor in 0.03 ms.
Unloading 4931 Unused Serialized files (Serialized files now loaded: 0)
System memory in use before: 233.9 MB.
System memory in use after: 233.6 MB.

Unloading 47 unused Assets to reduce memory usage. Loaded Objects now: 5378.
Total: 3.298600 ms (FindLiveObjects: 0.413400 ms CreateObjectMapping: 0.266700 ms MarkObjects: 2.415900 ms  DeleteObjects: 0.201700 ms)

========================================================================
Received Import Request.
  path: Assets/Character/Jacket.fbx
  artifactKey: Guid(b69d0a49ea68bd24ba1056bcec8f46e9) Importer(815301076,1909f56bfc062723c751e8b465ee728b)
Start importing Assets/Character/Jacket.fbx using Guid(b69d0a49ea68bd24ba1056bcec8f46e9) Importer(815301076,1909f56bfc062723c751e8b465ee728b) Launched and connected shader compiler UnityShaderCompiler.exe after 0.03 seconds
Launched and connected shader compiler UnityShaderCompiler.exe after 0.04 seconds
Launched and connected shader compiler UnityShaderCompiler.exe after 0.04 seconds
Launched and connected shader compiler UnityShaderCompiler.exe after 0.04 seconds
Launched and connected shader compiler UnityShaderCompiler.exe after 0.03 seconds
Launched and connected shader compiler UnityShaderCompiler.exe after 0.04 seconds
Launched and connected shader compiler UnityShaderCompiler.exe after 0.04 seconds
Launched and connected shader compiler UnityShaderCompiler.exe after 0.03 seconds
Launched and connected shader compiler UnityShaderCompiler.exe after 0.03 seconds
Launched and connected shader compiler UnityShaderCompiler.exe after 0.03 seconds
Launched and connected shader compiler UnityShaderCompiler.exe after 0.04 seconds
Launched and connected shader compiler UnityShaderCompiler.exe after 0.04 seconds
Launched and connected shader compiler UnityShaderCompiler.exe after 0.04 seconds
Launched and connected shader compiler UnityShaderCompiler.exe after 0.03 seconds
Launched and connected shader compiler UnityShaderCompiler.exe after 0.03 seconds
 -> (artifact id: 'cb2265ac1f8afcf216f91f469260afb1') in 1.367206 seconds
  Import took 1.389826 seconds .

========================================================================
Received Prepare
Shader 'Oculus/OVRMRCameraFrameLit': fallback shader 'Alpha-Diffuse' not found
Refreshing native plugins compatible for Editor in 5.26 ms, found 5 plugins.
Preloading 1 native plugins for Editor in 0.04 ms.
Unloading 36 Unused Serialized files (Serialized files now loaded: 0)
System memory in use before: 164.0 MB.
System memory in use after: 163.9 MB.

Unloading 36 unused Assets to reduce memory usage. Loaded Objects now: 5866.
Total: 6.095200 ms (FindLiveObjects: 0.530500 ms CreateObjectMapping: 0.302600 ms MarkObjects: 5.044000 ms  DeleteObjects: 0.217300 ms)

========================================================================
Received Import Request.
  Time since last request: 10.338301 seconds.
  path: Assets/Character/Jacket.fbx
  artifactKey: Guid(b69d0a49ea68bd24ba1056bcec8f46e9) Importer(815301076,1909f56bfc062723c751e8b465ee728b)
Start importing Assets/Character/Jacket.fbx using Guid(b69d0a49ea68bd24ba1056bcec8f46e9) Importer(815301076,1909f56bfc062723c751e8b465ee728b)  -> (artifact id: '5d0244f7b037690ebea08f694cb53eb7') in 0.226490 seconds
  Import took 0.298648 seconds .

========================================================================
Received Import Request.
  Time since last request: 0.010395 seconds.
  path: Assets/Character/Jacket.fbx
  artifactKey: Guid(b69d0a49ea68bd24ba1056bcec8f46e9) Importer(815301076,1909f56bfc062723c751e8b465ee728b)
Start importing Assets/Character/Jacket.fbx using Guid(b69d0a49ea68bd24ba1056bcec8f46e9) Importer(815301076,1909f56bfc062723c751e8b465ee728b)  -> (artifact id: '5d0244f7b037690ebea08f694cb53eb7') in 0.092006 seconds
  Import took 0.100092 seconds .

========================================================================
Received Prepare
Registering precompiled user dll's ...
Registered in 0.004555 seconds.
Begin MonoManager ReloadAssembly
Native extension for WindowsStandalone target not found
Refreshing native plugins compatible for Editor in 0.94 ms, found 5 plugins.
Preloading 1 native plugins for Editor in 0.04 ms.
InvalidCastException: Specified cast is not valid.
  at UnityEngine.Rendering.VolumeComponent.<OnEnable>b__10_2 (System.Reflection.FieldInfo t) [0x00000] in D:\Unity\Projects\SizeStudy\Library\PackageCache\com.unity.render-pipelines.core@10.5.1\Runtime\Volume\VolumeComponent.cs:94 
  at System.Linq.Enumerable+SelectIPartitionIterator`2[TSource,TResult].ToList () [0x00040] in <351e49e2a5bf4fd6beabb458ce2255f3>:0 
  at System.Linq.Enumerable.ToList[TSource] (System.Collections.Generic.IEnumerable`1[T] source) [0x0001f] in <351e49e2a5bf4fd6beabb458ce2255f3>:0 
  at UnityEngine.Rendering.VolumeComponent.OnEnable () [0x00000] in D:\Unity\Projects\SizeStudy\Library\PackageCache\com.unity.render-pipelines.core@10.5.1\Runtime\Volume\VolumeComponent.cs:90 

(Filename: Library/PackageCache/com.unity.render-pipelines.core@10.5.1/Runtime/Volume/VolumeComponent.cs Line: 94)

Mono: successfully reloaded assembly
- Completed reload, in  1.269 seconds
Platform modules already initialized, skipping
Shader 'Oculus/OVRMRCameraFrameLit': fallback shader 'Alpha-Diffuse' not found
Refreshing native plugins compatible for Editor in 0.93 ms, found 5 plugins.
Preloading 1 native plugins for Editor in 0.03 ms.
Unloading 4642 Unused Serialized files (Serialized files now loaded: 0)
System memory in use before: 242.8 MB.
System memory in use after: 242.7 MB.

Unloading 40 unused Assets to reduce memory usage. Loaded Objects now: 5551.
Total: 3.589700 ms (FindLiveObjects: 0.528300 ms CreateObjectMapping: 0.316100 ms MarkObjects: 2.545400 ms  DeleteObjects: 0.199000 ms)

========================================================================
Received Import Request.
  Time since last request: 167.074358 seconds.
  path: Assets/Character/Jacket.fbx
  artifactKey: Guid(b69d0a49ea68bd24ba1056bcec8f46e9) Importer(815301076,1909f56bfc062723c751e8b465ee728b)
Start importing Assets/Character/Jacket.fbx using Guid(b69d0a49ea68bd24ba1056bcec8f46e9) Importer(815301076,1909f56bfc062723c751e8b465ee728b)  -> (artifact id: 'cef2fc6079831a448e8568ad4dedfcbe') in 0.529135 seconds
  Import took 0.612901 seconds .

========================================================================
Received Import Request.
  Time since last request: 21.556144 seconds.
  path: Assets/Character/Jacket.fbx
  artifactKey: Guid(b69d0a49ea68bd24ba1056bcec8f46e9) Importer(815301076,1909f56bfc062723c751e8b465ee728b)
Start importing Assets/Character/Jacket.fbx using Guid(b69d0a49ea68bd24ba1056bcec8f46e9) Importer(815301076,1909f56bfc062723c751e8b465ee728b)  -> (artifact id: 'f0f3c2d4d3b123831d0186903e60f220') in 0.082249 seconds
  Import took 0.160828 seconds .

========================================================================
Received Prepare
Registering precompiled user dll's ...
Registered in 0.004586 seconds.
Begin MonoManager ReloadAssembly
Native extension for WindowsStandalone target not found
Refreshing native plugins compatible for Editor in 0.90 ms, found 5 plugins.
Preloading 1 native plugins for Editor in 0.04 ms.
Mono: successfully reloaded assembly
- Completed reload, in  1.209 seconds
Platform modules already initialized, skipping
Shader 'Oculus/OVRMRCameraFrameLit': fallback shader 'Alpha-Diffuse' not found
Refreshing native plugins compatible for Editor in 0.93 ms, found 5 plugins.
Preloading 1 native plugins for Editor in 0.03 ms.
Unloading 4631 Unused Serialized files (Serialized files now loaded: 0)
System memory in use before: 242.7 MB.
System memory in use after: 242.7 MB.

Unloading 40 unused Assets to reduce memory usage. Loaded Objects now: 5656.
Total: 3.801000 ms (FindLiveObjects: 0.437400 ms CreateObjectMapping: 0.252600 ms MarkObjects: 2.862600 ms  DeleteObjects: 0.247600 ms)

========================================================================
Received Prepare
Registering precompiled user dll's ...
Registered in 0.004492 seconds.
Begin MonoManager ReloadAssembly
Native extension for WindowsStandalone target not found
Refreshing native plugins compatible for Editor in 0.91 ms, found 5 plugins.
Preloading 1 native plugins for Editor in 0.04 ms.
Mono: successfully reloaded assembly
- Completed reload, in  1.216 seconds
Platform modules already initialized, skipping
Shader 'Oculus/OVRMRCameraFrameLit': fallback shader 'Alpha-Diffuse' not found
Refreshing native plugins compatible for Editor in 0.99 ms, found 5 plugins.
Preloading 1 native plugins for Editor in 0.03 ms.
Unloading 4631 Unused Serialized files (Serialized files now loaded: 0)
System memory in use before: 242.8 MB.
System memory in use after: 242.8 MB.

Unloading 40 unused Assets to reduce memory usage. Loaded Objects now: 5660.
Total: 4.013400 ms (FindLiveObjects: 0.572700 ms CreateObjectMapping: 0.367000 ms MarkObjects: 2.856700 ms  DeleteObjects: 0.216100 ms)

========================================================================
Received Prepare
Registering precompiled user dll's ...
Registered in 0.004424 seconds.
Begin MonoManager ReloadAssembly
Native extension for WindowsStandalone target not found
Refreshing native plugins compatible for Editor in 0.89 ms, found 5 plugins.
Preloading 1 native plugins for Editor in 0.04 ms.
Mono: successfully reloaded assembly
- Completed reload, in  1.157 seconds
Platform modules already initialized, skipping
Shader 'Oculus/OVRMRCameraFrameLit': fallback shader 'Alpha-Diffuse' not found
Refreshing native plugins compatible for Editor in 0.93 ms, found 5 plugins.
Preloading 1 native plugins for Editor in 0.03 ms.
Unloading 4631 Unused Serialized files (Serialized files now loaded: 0)
System memory in use before: 242.8 MB.
System memory in use after: 242.8 MB.

Unloading 40 unused Assets to reduce memory usage. Loaded Objects now: 5664.
Total: 3.967500 ms (FindLiveObjects: 0.471200 ms CreateObjectMapping: 0.278800 ms MarkObjects: 2.972700 ms  DeleteObjects: 0.244100 ms)

AssetImportWorkerClient::OnTransportError - code=2 error=End of file
